<?xml version="1.0" encoding="UTF-8"?>
<testng-results ignored="0" total="2" passed="2" failed="0" skipped="0">
  <reporter-output>
  </reporter-output>
  <suite started-at="2025-06-26T01:02:57 IST" name="Default suite" finished-at="2025-06-26T01:03:03 IST" duration-ms="6511">
    <groups>
      <group name="cucumber">
        <method signature="AbstractTestNGCucumberTests.runScenario(io.cucumber.testng.PickleWrapper,io.cucumber.testng.FeatureWrapper)[pri:0, instance:Runner_OrangeHRM.Runner_DashBoardWedget@7a35b0f5]" name="runScenario" class="io.cucumber.testng.AbstractTestNGCucumberTests"/>
      </group> <!-- cucumber -->
    </groups>
    <test started-at="2025-06-26T01:02:57 IST" name="Default test" finished-at="2025-06-26T01:03:03 IST" duration-ms="6511">
      <class name="Runner_OrangeHRM.Runner_DashBoardWedget">
        <test-method is-config="true" signature="setUpClass(org.testng.ITestContext)[pri:0, instance:Runner_OrangeHRM.Runner_DashBoardWedget@7a35b0f5]" started-at="2025-06-26T01:02:57 IST" name="setUpClass" finished-at="2025-06-26T01:02:58 IST" duration-ms="643" status="PASS">
          <params>
            <param index="0">
              <value>
                <![CDATA[org.testng.TestRunner@3681037]]>
              </value>
            </param>
          </params>
          <reporter-output>
          </reporter-output>
        </test-method> <!-- setUpClass -->
        <test-method signature="runScenario(io.cucumber.testng.PickleWrapper,io.cucumber.testng.FeatureWrapper)[pri:0, instance:Runner_OrangeHRM.Runner_DashBoardWedget@7a35b0f5]" started-at="2025-06-26T01:02:58 IST" name="runScenario" description="Runs Cucumber Scenarios" data-provider="scenarios" finished-at="2025-06-26T01:02:58 IST" duration-ms="90" status="PASS">
          <params>
            <param index="0">
              <value>
                <![CDATA["view dashboard widgets"]]>
              </value>
            </param>
            <param index="1">
              <value>
                <![CDATA["Access and interact with OrangeHRM Dashboard widgets"]]>
              </value>
            </param>
          </params>
          <reporter-output>
          </reporter-output>
        </test-method> <!-- runScenario -->
        <test-method signature="runScenario(io.cucumber.testng.PickleWrapper,io.cucumber.testng.FeatureWrapper)[pri:0, instance:Runner_OrangeHRM.Runner_DashBoardWedget@7a35b0f5]" started-at="2025-06-26T01:02:58 IST" name="runScenario" description="Runs Cucumber Scenarios" data-provider="scenarios" finished-at="2025-06-26T01:02:58 IST" duration-ms="9" status="PASS">
          <params>
            <param index="0">
              <value>
                <![CDATA["launch leave Apply from Quick launch"]]>
              </value>
            </param>
            <param index="1">
              <value>
                <![CDATA["Access and interact with OrangeHRM Dashboard widgets"]]>
              </value>
            </param>
          </params>
          <reporter-output>
          </reporter-output>
        </test-method> <!-- runScenario -->
        <test-method is-config="true" signature="tearDownClass()[pri:0, instance:Runner_OrangeHRM.Runner_DashBoardWedget@7a35b0f5]" started-at="2025-06-26T01:02:58 IST" name="tearDownClass" finished-at="2025-06-26T01:03:03 IST" duration-ms="5714" status="PASS">
          <reporter-output>
          </reporter-output>
        </test-method> <!-- tearDownClass -->
      </class> <!-- Runner_OrangeHRM.Runner_DashBoardWedget -->
    </test> <!-- Default test -->
  </suite> <!-- Default suite -->
</testng-results>
